2025-05-06 17:26:37,749 - backend.storage.supabase_client - INFO - Successfully initialized Supabase client
2025-05-06 17:26:37,749 - green_city_index - INFO - Starting data collection...
2025-05-06 17:26:38,423 - httpx - INFO - HTTP Request: POST https://dsvowabhmxtjvthxkyjd.supabase.co/rest/v1/raw_metrics "HTTP/2 201 Created"
2025-05-06 17:26:38,486 - httpx - INFO - HTTP Request: POST https://dsvowabhmxtjvthxkyjd.supabase.co/rest/v1/raw_metrics "HTTP/2 201 Created"
2025-05-06 17:26:38,537 - httpx - INFO - HTTP Request: POST https://dsvowabhmxtjvthxkyjd.supabase.co/rest/v1/raw_metrics "HTTP/2 201 Created"
2025-05-06 17:26:38,591 - httpx - INFO - HTTP Request: POST https://dsvowabhmxtjvthxkyjd.supabase.co/rest/v1/raw_metrics "HTTP/2 201 Created"
2025-05-06 17:26:38,653 - httpx - INFO - HTTP Request: POST https://dsvowabhmxtjvthxkyjd.supabase.co/rest/v1/raw_metrics "HTTP/2 201 Created"
2025-05-06 17:26:38,708 - httpx - INFO - HTTP Request: POST https://dsvowabhmxtjvthxkyjd.supabase.co/rest/v1/raw_metrics "HTTP/2 201 Created"
2025-05-06 17:26:38,757 - httpx - INFO - HTTP Request: POST https://dsvowabhmxtjvthxkyjd.supabase.co/rest/v1/raw_metrics "HTTP/2 201 Created"
2025-05-06 17:26:38,805 - httpx - INFO - HTTP Request: POST https://dsvowabhmxtjvthxkyjd.supabase.co/rest/v1/raw_metrics "HTTP/2 201 Created"
2025-05-06 17:26:38,851 - httpx - INFO - HTTP Request: POST https://dsvowabhmxtjvthxkyjd.supabase.co/rest/v1/raw_metrics "HTTP/2 201 Created"
2025-05-06 17:26:38,896 - httpx - INFO - HTTP Request: POST https://dsvowabhmxtjvthxkyjd.supabase.co/rest/v1/raw_metrics "HTTP/2 201 Created"
2025-05-06 17:26:38,953 - httpx - INFO - HTTP Request: POST https://dsvowabhmxtjvthxkyjd.supabase.co/rest/v1/raw_metrics "HTTP/2 201 Created"
2025-05-06 17:26:39,001 - httpx - INFO - HTTP Request: POST https://dsvowabhmxtjvthxkyjd.supabase.co/rest/v1/raw_metrics "HTTP/2 201 Created"
2025-05-06 17:26:39,055 - httpx - INFO - HTTP Request: POST https://dsvowabhmxtjvthxkyjd.supabase.co/rest/v1/raw_metrics "HTTP/2 201 Created"
2025-05-06 17:26:39,104 - httpx - INFO - HTTP Request: POST https://dsvowabhmxtjvthxkyjd.supabase.co/rest/v1/raw_metrics "HTTP/2 201 Created"
2025-05-06 17:26:39,166 - httpx - INFO - HTTP Request: POST https://dsvowabhmxtjvthxkyjd.supabase.co/rest/v1/raw_metrics "HTTP/2 201 Created"
2025-05-06 17:26:39,208 - httpx - INFO - HTTP Request: POST https://dsvowabhmxtjvthxkyjd.supabase.co/rest/v1/raw_metrics "HTTP/2 201 Created"
2025-05-06 17:26:39,254 - httpx - INFO - HTTP Request: POST https://dsvowabhmxtjvthxkyjd.supabase.co/rest/v1/raw_metrics "HTTP/2 201 Created"
2025-05-06 17:26:39,256 - green_city_index - INFO - Raw data collected successfully
2025-05-06 17:26:39,256 - green_city_index - INFO - Calculating Green City Index...
2025-05-06 17:26:39,298 - httpx - INFO - HTTP Request: GET https://dsvowabhmxtjvthxkyjd.supabase.co/rest/v1/green_city_index?select=%2A&date=eq.2025-05-06 "HTTP/2 200 OK"
2025-05-06 17:26:39,340 - httpx - INFO - HTTP Request: POST https://dsvowabhmxtjvthxkyjd.supabase.co/rest/v1/green_city_index "HTTP/2 400 Bad Request"
2025-05-06 17:26:39,341 - backend.storage.supabase_client - ERROR - Failed to store index: {'code': '22P02', 'details': None, 'hint': None, 'message': 'invalid input syntax for type integer: "100.0"'}
2025-05-06 17:26:39,389 - httpx - INFO - HTTP Request: POST https://dsvowabhmxtjvthxkyjd.supabase.co/rest/v1/normalized_scores "HTTP/2 201 Created"
2025-05-06 17:26:39,431 - httpx - INFO - HTTP Request: POST https://dsvowabhmxtjvthxkyjd.supabase.co/rest/v1/normalized_scores "HTTP/2 201 Created"
2025-05-06 17:26:39,480 - httpx - INFO - HTTP Request: POST https://dsvowabhmxtjvthxkyjd.supabase.co/rest/v1/normalized_scores "HTTP/2 201 Created"
2025-05-06 17:26:39,549 - httpx - INFO - HTTP Request: POST https://dsvowabhmxtjvthxkyjd.supabase.co/rest/v1/normalized_scores "HTTP/2 201 Created"
2025-05-06 17:26:39,592 - httpx - INFO - HTTP Request: POST https://dsvowabhmxtjvthxkyjd.supabase.co/rest/v1/normalized_scores "HTTP/2 201 Created"
2025-05-06 17:26:39,635 - httpx - INFO - HTTP Request: POST https://dsvowabhmxtjvthxkyjd.supabase.co/rest/v1/normalized_scores "HTTP/2 201 Created"
2025-05-06 17:26:39,686 - httpx - INFO - HTTP Request: POST https://dsvowabhmxtjvthxkyjd.supabase.co/rest/v1/normalized_scores "HTTP/2 201 Created"
2025-05-06 17:26:39,737 - httpx - INFO - HTTP Request: POST https://dsvowabhmxtjvthxkyjd.supabase.co/rest/v1/normalized_scores "HTTP/2 201 Created"
2025-05-06 17:26:39,796 - httpx - INFO - HTTP Request: POST https://dsvowabhmxtjvthxkyjd.supabase.co/rest/v1/normalized_scores "HTTP/2 201 Created"
2025-05-06 17:26:39,857 - httpx - INFO - HTTP Request: POST https://dsvowabhmxtjvthxkyjd.supabase.co/rest/v1/normalized_scores "HTTP/2 201 Created"
2025-05-06 17:26:39,905 - httpx - INFO - HTTP Request: POST https://dsvowabhmxtjvthxkyjd.supabase.co/rest/v1/normalized_scores "HTTP/2 201 Created"
2025-05-06 17:26:39,984 - httpx - INFO - HTTP Request: POST https://dsvowabhmxtjvthxkyjd.supabase.co/rest/v1/normalized_scores "HTTP/2 201 Created"
2025-05-06 17:26:40,036 - httpx - INFO - HTTP Request: POST https://dsvowabhmxtjvthxkyjd.supabase.co/rest/v1/normalized_scores "HTTP/2 201 Created"
2025-05-06 17:26:40,093 - httpx - INFO - HTTP Request: POST https://dsvowabhmxtjvthxkyjd.supabase.co/rest/v1/normalized_scores "HTTP/2 201 Created"
2025-05-06 17:26:40,146 - httpx - INFO - HTTP Request: POST https://dsvowabhmxtjvthxkyjd.supabase.co/rest/v1/normalized_scores "HTTP/2 201 Created"
2025-05-06 17:26:40,148 - green_city_index - INFO - Green City Index calculated successfully: 73.9
2025-05-06 17:26:40,148 - green_city_index - INFO - Dimension scores: {'air': 100.0, 'water': 85.3, 'nature': 64.1, 'waste': 63.8, 'noise': 56.4}
2025-05-06 17:30:29,173 - backend.storage.supabase_client - INFO - Successfully initialized Supabase client
2025-05-06 17:30:29,173 - green_city_index - INFO - Starting data collection...
2025-05-06 17:30:29,641 - httpx - INFO - HTTP Request: POST https://dsvowabhmxtjvthxkyjd.supabase.co/rest/v1/raw_metrics "HTTP/2 201 Created"
2025-05-06 17:30:29,703 - httpx - INFO - HTTP Request: POST https://dsvowabhmxtjvthxkyjd.supabase.co/rest/v1/raw_metrics "HTTP/2 201 Created"
2025-05-06 17:30:29,751 - httpx - INFO - HTTP Request: POST https://dsvowabhmxtjvthxkyjd.supabase.co/rest/v1/raw_metrics "HTTP/2 201 Created"
2025-05-06 17:30:29,812 - httpx - INFO - HTTP Request: POST https://dsvowabhmxtjvthxkyjd.supabase.co/rest/v1/raw_metrics "HTTP/2 201 Created"
2025-05-06 17:30:29,865 - httpx - INFO - HTTP Request: POST https://dsvowabhmxtjvthxkyjd.supabase.co/rest/v1/raw_metrics "HTTP/2 201 Created"
2025-05-06 17:30:29,918 - httpx - INFO - HTTP Request: POST https://dsvowabhmxtjvthxkyjd.supabase.co/rest/v1/raw_metrics "HTTP/2 201 Created"
2025-05-06 17:30:29,964 - httpx - INFO - HTTP Request: POST https://dsvowabhmxtjvthxkyjd.supabase.co/rest/v1/raw_metrics "HTTP/2 201 Created"
2025-05-06 17:30:30,028 - httpx - INFO - HTTP Request: POST https://dsvowabhmxtjvthxkyjd.supabase.co/rest/v1/raw_metrics "HTTP/2 201 Created"
2025-05-06 17:30:30,089 - httpx - INFO - HTTP Request: POST https://dsvowabhmxtjvthxkyjd.supabase.co/rest/v1/raw_metrics "HTTP/2 201 Created"
2025-05-06 17:30:30,147 - httpx - INFO - HTTP Request: POST https://dsvowabhmxtjvthxkyjd.supabase.co/rest/v1/raw_metrics "HTTP/2 201 Created"
2025-05-06 17:30:30,204 - httpx - INFO - HTTP Request: POST https://dsvowabhmxtjvthxkyjd.supabase.co/rest/v1/raw_metrics "HTTP/2 201 Created"
2025-05-06 17:30:30,266 - httpx - INFO - HTTP Request: POST https://dsvowabhmxtjvthxkyjd.supabase.co/rest/v1/raw_metrics "HTTP/2 201 Created"
2025-05-06 17:30:30,329 - httpx - INFO - HTTP Request: POST https://dsvowabhmxtjvthxkyjd.supabase.co/rest/v1/raw_metrics "HTTP/2 201 Created"
2025-05-06 17:30:30,378 - httpx - INFO - HTTP Request: POST https://dsvowabhmxtjvthxkyjd.supabase.co/rest/v1/raw_metrics "HTTP/2 201 Created"
2025-05-06 17:30:30,440 - httpx - INFO - HTTP Request: POST https://dsvowabhmxtjvthxkyjd.supabase.co/rest/v1/raw_metrics "HTTP/2 201 Created"
2025-05-06 17:30:30,494 - httpx - INFO - HTTP Request: POST https://dsvowabhmxtjvthxkyjd.supabase.co/rest/v1/raw_metrics "HTTP/2 201 Created"
2025-05-06 17:30:30,552 - httpx - INFO - HTTP Request: POST https://dsvowabhmxtjvthxkyjd.supabase.co/rest/v1/raw_metrics "HTTP/2 201 Created"
2025-05-06 17:30:30,554 - green_city_index - INFO - Raw data collected successfully
2025-05-06 17:30:30,554 - green_city_index - INFO - Calculating Green City Index...
2025-05-06 17:30:30,606 - httpx - INFO - HTTP Request: GET https://dsvowabhmxtjvthxkyjd.supabase.co/rest/v1/green_city_index?select=%2A&date=eq.2025-05-06 "HTTP/2 200 OK"
2025-05-06 17:30:30,662 - httpx - INFO - HTTP Request: POST https://dsvowabhmxtjvthxkyjd.supabase.co/rest/v1/green_city_index "HTTP/2 201 Created"
2025-05-06 17:30:30,733 - httpx - INFO - HTTP Request: GET https://dsvowabhmxtjvthxkyjd.supabase.co/rest/v1/dimension_scores?select=%2A&dimension=eq.air&date=eq.2025-05-06 "HTTP/2 200 OK"
2025-05-06 17:30:30,788 - httpx - INFO - HTTP Request: POST https://dsvowabhmxtjvthxkyjd.supabase.co/rest/v1/dimension_scores "HTTP/2 201 Created"
2025-05-06 17:30:30,845 - httpx - INFO - HTTP Request: GET https://dsvowabhmxtjvthxkyjd.supabase.co/rest/v1/dimension_scores?select=%2A&dimension=eq.water&date=eq.2025-05-06 "HTTP/2 200 OK"
2025-05-06 17:30:30,895 - httpx - INFO - HTTP Request: POST https://dsvowabhmxtjvthxkyjd.supabase.co/rest/v1/dimension_scores "HTTP/2 201 Created"
2025-05-06 17:30:30,947 - httpx - INFO - HTTP Request: GET https://dsvowabhmxtjvthxkyjd.supabase.co/rest/v1/dimension_scores?select=%2A&dimension=eq.nature&date=eq.2025-05-06 "HTTP/2 200 OK"
2025-05-06 17:30:30,994 - httpx - INFO - HTTP Request: POST https://dsvowabhmxtjvthxkyjd.supabase.co/rest/v1/dimension_scores "HTTP/2 201 Created"
2025-05-06 17:30:31,045 - httpx - INFO - HTTP Request: GET https://dsvowabhmxtjvthxkyjd.supabase.co/rest/v1/dimension_scores?select=%2A&dimension=eq.waste&date=eq.2025-05-06 "HTTP/2 200 OK"
2025-05-06 17:30:31,100 - httpx - INFO - HTTP Request: POST https://dsvowabhmxtjvthxkyjd.supabase.co/rest/v1/dimension_scores "HTTP/2 201 Created"
2025-05-06 17:30:31,162 - httpx - INFO - HTTP Request: GET https://dsvowabhmxtjvthxkyjd.supabase.co/rest/v1/dimension_scores?select=%2A&dimension=eq.noise&date=eq.2025-05-06 "HTTP/2 200 OK"
2025-05-06 17:30:31,212 - httpx - INFO - HTTP Request: POST https://dsvowabhmxtjvthxkyjd.supabase.co/rest/v1/dimension_scores "HTTP/2 201 Created"
2025-05-06 17:30:31,280 - httpx - INFO - HTTP Request: POST https://dsvowabhmxtjvthxkyjd.supabase.co/rest/v1/normalized_scores "HTTP/2 201 Created"
2025-05-06 17:30:31,340 - httpx - INFO - HTTP Request: POST https://dsvowabhmxtjvthxkyjd.supabase.co/rest/v1/normalized_scores "HTTP/2 201 Created"
2025-05-06 17:30:31,412 - httpx - INFO - HTTP Request: POST https://dsvowabhmxtjvthxkyjd.supabase.co/rest/v1/normalized_scores "HTTP/2 201 Created"
2025-05-06 17:30:31,469 - httpx - INFO - HTTP Request: POST https://dsvowabhmxtjvthxkyjd.supabase.co/rest/v1/normalized_scores "HTTP/2 201 Created"
2025-05-06 17:30:31,530 - httpx - INFO - HTTP Request: POST https://dsvowabhmxtjvthxkyjd.supabase.co/rest/v1/normalized_scores "HTTP/2 201 Created"
2025-05-06 17:30:31,588 - httpx - INFO - HTTP Request: POST https://dsvowabhmxtjvthxkyjd.supabase.co/rest/v1/normalized_scores "HTTP/2 201 Created"
2025-05-06 17:30:31,648 - httpx - INFO - HTTP Request: POST https://dsvowabhmxtjvthxkyjd.supabase.co/rest/v1/normalized_scores "HTTP/2 201 Created"
2025-05-06 17:30:31,700 - httpx - INFO - HTTP Request: POST https://dsvowabhmxtjvthxkyjd.supabase.co/rest/v1/normalized_scores "HTTP/2 201 Created"
2025-05-06 17:30:31,762 - httpx - INFO - HTTP Request: POST https://dsvowabhmxtjvthxkyjd.supabase.co/rest/v1/normalized_scores "HTTP/2 201 Created"
2025-05-06 17:30:31,831 - httpx - INFO - HTTP Request: POST https://dsvowabhmxtjvthxkyjd.supabase.co/rest/v1/normalized_scores "HTTP/2 201 Created"
2025-05-06 17:30:31,885 - httpx - INFO - HTTP Request: POST https://dsvowabhmxtjvthxkyjd.supabase.co/rest/v1/normalized_scores "HTTP/2 201 Created"
2025-05-06 17:30:31,944 - httpx - INFO - HTTP Request: POST https://dsvowabhmxtjvthxkyjd.supabase.co/rest/v1/normalized_scores "HTTP/2 201 Created"
2025-05-06 17:30:32,002 - httpx - INFO - HTTP Request: POST https://dsvowabhmxtjvthxkyjd.supabase.co/rest/v1/normalized_scores "HTTP/2 201 Created"
2025-05-06 17:30:32,061 - httpx - INFO - HTTP Request: POST https://dsvowabhmxtjvthxkyjd.supabase.co/rest/v1/normalized_scores "HTTP/2 201 Created"
2025-05-06 17:30:32,124 - httpx - INFO - HTTP Request: POST https://dsvowabhmxtjvthxkyjd.supabase.co/rest/v1/normalized_scores "HTTP/2 201 Created"
2025-05-06 17:30:32,125 - green_city_index - INFO - Green City Index calculated successfully: 73.5
2025-05-06 17:30:32,125 - green_city_index - INFO - Dimension scores: {'air': 100.0, 'water': 87.3, 'nature': 61.1, 'waste': 63.7, 'noise': 55.6}
2025-05-06 17:31:11,428 - backend.storage.supabase_client - INFO - Successfully initialized Supabase client
2025-05-06 17:31:11,428 - green_city_index - INFO - Starting data collection...
2025-05-06 17:31:12,669 - httpx - INFO - HTTP Request: POST https://dsvowabhmxtjvthxkyjd.supabase.co/rest/v1/raw_metrics "HTTP/2 201 Created"
2025-05-06 17:31:12,720 - httpx - INFO - HTTP Request: POST https://dsvowabhmxtjvthxkyjd.supabase.co/rest/v1/raw_metrics "HTTP/2 201 Created"
2025-05-06 17:31:12,772 - httpx - INFO - HTTP Request: POST https://dsvowabhmxtjvthxkyjd.supabase.co/rest/v1/raw_metrics "HTTP/2 201 Created"
2025-05-06 17:31:12,817 - httpx - INFO - HTTP Request: POST https://dsvowabhmxtjvthxkyjd.supabase.co/rest/v1/raw_metrics "HTTP/2 201 Created"
2025-05-06 17:31:12,862 - httpx - INFO - HTTP Request: POST https://dsvowabhmxtjvthxkyjd.supabase.co/rest/v1/raw_metrics "HTTP/2 201 Created"
2025-05-06 17:31:12,911 - httpx - INFO - HTTP Request: POST https://dsvowabhmxtjvthxkyjd.supabase.co/rest/v1/raw_metrics "HTTP/2 201 Created"
2025-05-06 17:31:12,963 - httpx - INFO - HTTP Request: POST https://dsvowabhmxtjvthxkyjd.supabase.co/rest/v1/raw_metrics "HTTP/2 201 Created"
2025-05-06 17:31:13,017 - httpx - INFO - HTTP Request: POST https://dsvowabhmxtjvthxkyjd.supabase.co/rest/v1/raw_metrics "HTTP/2 201 Created"
2025-05-06 17:31:13,059 - httpx - INFO - HTTP Request: POST https://dsvowabhmxtjvthxkyjd.supabase.co/rest/v1/raw_metrics "HTTP/2 201 Created"
2025-05-06 17:31:13,101 - httpx - INFO - HTTP Request: POST https://dsvowabhmxtjvthxkyjd.supabase.co/rest/v1/raw_metrics "HTTP/2 201 Created"
2025-05-06 17:31:13,151 - httpx - INFO - HTTP Request: POST https://dsvowabhmxtjvthxkyjd.supabase.co/rest/v1/raw_metrics "HTTP/2 201 Created"
2025-05-06 17:31:13,200 - httpx - INFO - HTTP Request: POST https://dsvowabhmxtjvthxkyjd.supabase.co/rest/v1/raw_metrics "HTTP/2 201 Created"
2025-05-06 17:31:13,250 - httpx - INFO - HTTP Request: POST https://dsvowabhmxtjvthxkyjd.supabase.co/rest/v1/raw_metrics "HTTP/2 201 Created"
2025-05-06 17:31:13,305 - httpx - INFO - HTTP Request: POST https://dsvowabhmxtjvthxkyjd.supabase.co/rest/v1/raw_metrics "HTTP/2 201 Created"
2025-05-06 17:31:13,345 - httpx - INFO - HTTP Request: POST https://dsvowabhmxtjvthxkyjd.supabase.co/rest/v1/raw_metrics "HTTP/2 201 Created"
2025-05-06 17:31:13,386 - httpx - INFO - HTTP Request: POST https://dsvowabhmxtjvthxkyjd.supabase.co/rest/v1/raw_metrics "HTTP/2 201 Created"
2025-05-06 17:31:13,432 - httpx - INFO - HTTP Request: POST https://dsvowabhmxtjvthxkyjd.supabase.co/rest/v1/raw_metrics "HTTP/2 201 Created"
2025-05-06 17:31:13,433 - green_city_index - INFO - Raw data collected successfully
2025-05-06 17:31:13,433 - green_city_index - INFO - Calculating Green City Index...
2025-05-06 17:31:13,484 - httpx - INFO - HTTP Request: GET https://dsvowabhmxtjvthxkyjd.supabase.co/rest/v1/green_city_index?select=%2A&date=eq.2025-05-06 "HTTP/2 200 OK"
2025-05-06 17:31:13,532 - httpx - INFO - HTTP Request: PATCH https://dsvowabhmxtjvthxkyjd.supabase.co/rest/v1/green_city_index?date=eq.2025-05-06 "HTTP/2 200 OK"
2025-05-06 17:31:13,577 - httpx - INFO - HTTP Request: GET https://dsvowabhmxtjvthxkyjd.supabase.co/rest/v1/dimension_scores?select=%2A&dimension=eq.air&date=eq.2025-05-06 "HTTP/2 200 OK"
2025-05-06 17:31:13,631 - httpx - INFO - HTTP Request: PATCH https://dsvowabhmxtjvthxkyjd.supabase.co/rest/v1/dimension_scores?dimension=eq.air&date=eq.2025-05-06 "HTTP/2 200 OK"
2025-05-06 17:31:13,675 - httpx - INFO - HTTP Request: GET https://dsvowabhmxtjvthxkyjd.supabase.co/rest/v1/dimension_scores?select=%2A&dimension=eq.water&date=eq.2025-05-06 "HTTP/2 200 OK"
2025-05-06 17:31:13,725 - httpx - INFO - HTTP Request: PATCH https://dsvowabhmxtjvthxkyjd.supabase.co/rest/v1/dimension_scores?dimension=eq.water&date=eq.2025-05-06 "HTTP/2 200 OK"
2025-05-06 17:31:13,772 - httpx - INFO - HTTP Request: GET https://dsvowabhmxtjvthxkyjd.supabase.co/rest/v1/dimension_scores?select=%2A&dimension=eq.nature&date=eq.2025-05-06 "HTTP/2 200 OK"
2025-05-06 17:31:13,811 - httpx - INFO - HTTP Request: PATCH https://dsvowabhmxtjvthxkyjd.supabase.co/rest/v1/dimension_scores?dimension=eq.nature&date=eq.2025-05-06 "HTTP/2 200 OK"
2025-05-06 17:31:13,854 - httpx - INFO - HTTP Request: GET https://dsvowabhmxtjvthxkyjd.supabase.co/rest/v1/dimension_scores?select=%2A&dimension=eq.waste&date=eq.2025-05-06 "HTTP/2 200 OK"
2025-05-06 17:31:13,917 - httpx - INFO - HTTP Request: PATCH https://dsvowabhmxtjvthxkyjd.supabase.co/rest/v1/dimension_scores?dimension=eq.waste&date=eq.2025-05-06 "HTTP/2 200 OK"
2025-05-06 17:31:13,965 - httpx - INFO - HTTP Request: GET https://dsvowabhmxtjvthxkyjd.supabase.co/rest/v1/dimension_scores?select=%2A&dimension=eq.noise&date=eq.2025-05-06 "HTTP/2 200 OK"
2025-05-06 17:31:14,018 - httpx - INFO - HTTP Request: PATCH https://dsvowabhmxtjvthxkyjd.supabase.co/rest/v1/dimension_scores?dimension=eq.noise&date=eq.2025-05-06 "HTTP/2 200 OK"
2025-05-06 17:31:14,061 - httpx - INFO - HTTP Request: POST https://dsvowabhmxtjvthxkyjd.supabase.co/rest/v1/normalized_scores "HTTP/2 201 Created"
2025-05-06 17:31:14,111 - httpx - INFO - HTTP Request: POST https://dsvowabhmxtjvthxkyjd.supabase.co/rest/v1/normalized_scores "HTTP/2 201 Created"
2025-05-06 17:31:14,152 - httpx - INFO - HTTP Request: POST https://dsvowabhmxtjvthxkyjd.supabase.co/rest/v1/normalized_scores "HTTP/2 201 Created"
2025-05-06 17:31:14,191 - httpx - INFO - HTTP Request: POST https://dsvowabhmxtjvthxkyjd.supabase.co/rest/v1/normalized_scores "HTTP/2 201 Created"
2025-05-06 17:31:14,234 - httpx - INFO - HTTP Request: POST https://dsvowabhmxtjvthxkyjd.supabase.co/rest/v1/normalized_scores "HTTP/2 201 Created"
2025-05-06 17:31:14,288 - httpx - INFO - HTTP Request: POST https://dsvowabhmxtjvthxkyjd.supabase.co/rest/v1/normalized_scores "HTTP/2 201 Created"
2025-05-06 17:31:14,354 - httpx - INFO - HTTP Request: POST https://dsvowabhmxtjvthxkyjd.supabase.co/rest/v1/normalized_scores "HTTP/2 201 Created"
2025-05-06 17:31:14,398 - httpx - INFO - HTTP Request: POST https://dsvowabhmxtjvthxkyjd.supabase.co/rest/v1/normalized_scores "HTTP/2 201 Created"
2025-05-06 17:31:14,452 - httpx - INFO - HTTP Request: POST https://dsvowabhmxtjvthxkyjd.supabase.co/rest/v1/normalized_scores "HTTP/2 201 Created"
2025-05-06 17:31:14,498 - httpx - INFO - HTTP Request: POST https://dsvowabhmxtjvthxkyjd.supabase.co/rest/v1/normalized_scores "HTTP/2 201 Created"
2025-05-06 17:31:14,542 - httpx - INFO - HTTP Request: POST https://dsvowabhmxtjvthxkyjd.supabase.co/rest/v1/normalized_scores "HTTP/2 201 Created"
2025-05-06 17:31:14,595 - httpx - INFO - HTTP Request: POST https://dsvowabhmxtjvthxkyjd.supabase.co/rest/v1/normalized_scores "HTTP/2 201 Created"
2025-05-06 17:31:14,646 - httpx - INFO - HTTP Request: POST https://dsvowabhmxtjvthxkyjd.supabase.co/rest/v1/normalized_scores "HTTP/2 201 Created"
2025-05-06 17:31:14,705 - httpx - INFO - HTTP Request: POST https://dsvowabhmxtjvthxkyjd.supabase.co/rest/v1/normalized_scores "HTTP/2 201 Created"
2025-05-06 17:31:14,758 - httpx - INFO - HTTP Request: POST https://dsvowabhmxtjvthxkyjd.supabase.co/rest/v1/normalized_scores "HTTP/2 201 Created"
2025-05-06 17:31:14,759 - green_city_index - INFO - Green City Index calculated successfully: 72.5
2025-05-06 17:31:14,760 - green_city_index - INFO - Dimension scores: {'air': 100.0, 'water': 85.6, 'nature': 58.9, 'waste': 62.2, 'noise': 55.9}
