2025-05-08 06:45:06,783 - backend.storage.supabase_client - INFO - Successfully initialized Supabase client
2025-05-08 06:45:06,783 - green_city_index - INFO - Starting data collection...
2025-05-08 06:45:15,401 - httpx - INFO - HTTP Request: POST https://dsvowabhmxtjvthxkyjd.supabase.co/rest/v1/raw_metrics "HTTP/2 201 Created"
2025-05-08 06:45:16,178 - httpx - INFO - HTTP Request: POST https://dsvowabhmxtjvthxkyjd.supabase.co/rest/v1/raw_metrics "HTTP/2 201 Created"
2025-05-08 06:45:16,869 - httpx - INFO - HTTP Request: POST https://dsvowabhmxtjvthxkyjd.supabase.co/rest/v1/raw_metrics "HTTP/2 201 Created"
2025-05-08 06:45:17,310 - httpx - INFO - HTTP Request: POST https://dsvowabhmxtjvthxkyjd.supabase.co/rest/v1/raw_metrics "HTTP/2 201 Created"
2025-05-08 06:45:17,697 - httpx - INFO - HTTP Request: POST https://dsvowabhmxtjvthxkyjd.supabase.co/rest/v1/raw_metrics "HTTP/2 201 Created"
2025-05-08 06:45:17,865 - httpx - INFO - HTTP Request: POST https://dsvowabhmxtjvthxkyjd.supabase.co/rest/v1/raw_metrics "HTTP/2 201 Created"
2025-05-08 06:45:17,990 - httpx - INFO - HTTP Request: POST https://dsvowabhmxtjvthxkyjd.supabase.co/rest/v1/raw_metrics "HTTP/2 201 Created"
2025-05-08 06:45:18,086 - httpx - INFO - HTTP Request: POST https://dsvowabhmxtjvthxkyjd.supabase.co/rest/v1/raw_metrics "HTTP/2 201 Created"
2025-05-08 06:45:18,184 - httpx - INFO - HTTP Request: POST https://dsvowabhmxtjvthxkyjd.supabase.co/rest/v1/raw_metrics "HTTP/2 201 Created"
2025-05-08 06:45:18,280 - httpx - INFO - HTTP Request: POST https://dsvowabhmxtjvthxkyjd.supabase.co/rest/v1/raw_metrics "HTTP/2 201 Created"
2025-05-08 06:45:18,378 - httpx - INFO - HTTP Request: POST https://dsvowabhmxtjvthxkyjd.supabase.co/rest/v1/raw_metrics "HTTP/2 201 Created"
2025-05-08 06:45:18,473 - httpx - INFO - HTTP Request: POST https://dsvowabhmxtjvthxkyjd.supabase.co/rest/v1/raw_metrics "HTTP/2 201 Created"
2025-05-08 06:45:18,583 - httpx - INFO - HTTP Request: POST https://dsvowabhmxtjvthxkyjd.supabase.co/rest/v1/raw_metrics "HTTP/2 201 Created"
2025-05-08 06:45:18,714 - httpx - INFO - HTTP Request: POST https://dsvowabhmxtjvthxkyjd.supabase.co/rest/v1/raw_metrics "HTTP/2 201 Created"
2025-05-08 06:45:18,838 - httpx - INFO - HTTP Request: POST https://dsvowabhmxtjvthxkyjd.supabase.co/rest/v1/raw_metrics "HTTP/2 201 Created"
2025-05-08 06:45:18,921 - httpx - INFO - HTTP Request: POST https://dsvowabhmxtjvthxkyjd.supabase.co/rest/v1/raw_metrics "HTTP/2 201 Created"
2025-05-08 06:45:19,047 - httpx - INFO - HTTP Request: POST https://dsvowabhmxtjvthxkyjd.supabase.co/rest/v1/raw_metrics "HTTP/2 201 Created"
2025-05-08 06:45:19,048 - green_city_index - INFO - Raw data collected successfully
2025-05-08 06:45:19,049 - green_city_index - INFO - Calculating Green City Index...
2025-05-08 06:45:19,141 - httpx - INFO - HTTP Request: GET https://dsvowabhmxtjvthxkyjd.supabase.co/rest/v1/green_city_index?select=%2A&date=eq.2025-05-08 "HTTP/2 200 OK"
2025-05-08 06:45:19,273 - httpx - INFO - HTTP Request: POST https://dsvowabhmxtjvthxkyjd.supabase.co/rest/v1/green_city_index "HTTP/2 201 Created"
2025-05-08 06:45:19,376 - httpx - INFO - HTTP Request: GET https://dsvowabhmxtjvthxkyjd.supabase.co/rest/v1/dimension_scores?select=%2A&dimension=eq.air&date=eq.2025-05-08 "HTTP/2 200 OK"
2025-05-08 06:45:19,489 - httpx - INFO - HTTP Request: POST https://dsvowabhmxtjvthxkyjd.supabase.co/rest/v1/dimension_scores "HTTP/2 201 Created"
2025-05-08 06:45:19,612 - httpx - INFO - HTTP Request: GET https://dsvowabhmxtjvthxkyjd.supabase.co/rest/v1/dimension_scores?select=%2A&dimension=eq.water&date=eq.2025-05-08 "HTTP/2 200 OK"
2025-05-08 06:45:19,699 - httpx - INFO - HTTP Request: POST https://dsvowabhmxtjvthxkyjd.supabase.co/rest/v1/dimension_scores "HTTP/2 201 Created"
2025-05-08 06:45:19,767 - httpx - INFO - HTTP Request: GET https://dsvowabhmxtjvthxkyjd.supabase.co/rest/v1/dimension_scores?select=%2A&dimension=eq.nature&date=eq.2025-05-08 "HTTP/2 200 OK"
2025-05-08 06:45:19,943 - httpx - INFO - HTTP Request: POST https://dsvowabhmxtjvthxkyjd.supabase.co/rest/v1/dimension_scores "HTTP/2 201 Created"
2025-05-08 06:45:20,016 - httpx - INFO - HTTP Request: GET https://dsvowabhmxtjvthxkyjd.supabase.co/rest/v1/dimension_scores?select=%2A&dimension=eq.waste&date=eq.2025-05-08 "HTTP/2 200 OK"
2025-05-08 06:45:20,090 - httpx - INFO - HTTP Request: POST https://dsvowabhmxtjvthxkyjd.supabase.co/rest/v1/dimension_scores "HTTP/2 201 Created"
2025-05-08 06:45:20,170 - httpx - INFO - HTTP Request: GET https://dsvowabhmxtjvthxkyjd.supabase.co/rest/v1/dimension_scores?select=%2A&dimension=eq.noise&date=eq.2025-05-08 "HTTP/2 200 OK"
2025-05-08 06:45:20,268 - httpx - INFO - HTTP Request: POST https://dsvowabhmxtjvthxkyjd.supabase.co/rest/v1/dimension_scores "HTTP/2 201 Created"
2025-05-08 06:45:20,363 - httpx - INFO - HTTP Request: POST https://dsvowabhmxtjvthxkyjd.supabase.co/rest/v1/normalized_scores "HTTP/2 201 Created"
2025-05-08 06:45:20,484 - httpx - INFO - HTTP Request: POST https://dsvowabhmxtjvthxkyjd.supabase.co/rest/v1/normalized_scores "HTTP/2 201 Created"
2025-05-08 06:45:20,595 - httpx - INFO - HTTP Request: POST https://dsvowabhmxtjvthxkyjd.supabase.co/rest/v1/normalized_scores "HTTP/2 201 Created"
2025-05-08 06:45:20,676 - httpx - INFO - HTTP Request: POST https://dsvowabhmxtjvthxkyjd.supabase.co/rest/v1/normalized_scores "HTTP/2 201 Created"
2025-05-08 06:45:20,760 - httpx - INFO - HTTP Request: POST https://dsvowabhmxtjvthxkyjd.supabase.co/rest/v1/normalized_scores "HTTP/2 201 Created"
2025-05-08 06:45:20,987 - httpx - INFO - HTTP Request: POST https://dsvowabhmxtjvthxkyjd.supabase.co/rest/v1/normalized_scores "HTTP/2 201 Created"
2025-05-08 06:45:21,649 - httpx - INFO - HTTP Request: POST https://dsvowabhmxtjvthxkyjd.supabase.co/rest/v1/normalized_scores "HTTP/2 201 Created"
2025-05-08 06:45:22,018 - httpx - INFO - HTTP Request: POST https://dsvowabhmxtjvthxkyjd.supabase.co/rest/v1/normalized_scores "HTTP/2 201 Created"
2025-05-08 06:45:22,303 - httpx - INFO - HTTP Request: POST https://dsvowabhmxtjvthxkyjd.supabase.co/rest/v1/normalized_scores "HTTP/2 201 Created"
2025-05-08 06:45:22,601 - httpx - INFO - HTTP Request: POST https://dsvowabhmxtjvthxkyjd.supabase.co/rest/v1/normalized_scores "HTTP/2 201 Created"
2025-05-08 06:45:22,753 - httpx - INFO - HTTP Request: POST https://dsvowabhmxtjvthxkyjd.supabase.co/rest/v1/normalized_scores "HTTP/2 201 Created"
2025-05-08 06:45:22,923 - httpx - INFO - HTTP Request: POST https://dsvowabhmxtjvthxkyjd.supabase.co/rest/v1/normalized_scores "HTTP/2 201 Created"
2025-05-08 06:45:23,107 - httpx - INFO - HTTP Request: POST https://dsvowabhmxtjvthxkyjd.supabase.co/rest/v1/normalized_scores "HTTP/2 201 Created"
2025-05-08 06:45:23,316 - httpx - INFO - HTTP Request: POST https://dsvowabhmxtjvthxkyjd.supabase.co/rest/v1/normalized_scores "HTTP/2 201 Created"
2025-05-08 06:45:23,947 - httpx - INFO - HTTP Request: POST https://dsvowabhmxtjvthxkyjd.supabase.co/rest/v1/normalized_scores "HTTP/2 201 Created"
2025-05-08 06:45:23,948 - green_city_index - INFO - Green City Index calculated successfully: 72.8
2025-05-08 06:45:23,948 - green_city_index - INFO - Dimension scores: {'air': 99.0, 'water': 86.6, 'nature': 59.6, 'waste': 62.8, 'noise': 55.9}
